
7月 05, 2017 13:47:01.09 NEW SESSION
7月 05, 2017 13:47:01.09 [NPAPI 3672] WARNING: pipe error: 109: file c:/builds/moz2_slave/m-rel-w64-00000000000000000000/build/src/ipc/chromium/src/chrome/common/ipc_channel_win.cc, line 346
7月 05, 2017 13:47:01.25 can't open file for write !
7月 05, 2017 13:47:01.25 
7月 05, 2017 14:01:16.55 [NPAPI 7088] WARNING: pipe error: 109: file c:/builds/moz2_slave/m-rel-w64-00000000000000000000/build/src/ipc/chromium/src/chrome/common/ipc_channel_win.cc, line 346
7月 05, 2017 14:01:16.73 can't open file for write !
7月 05, 2017 14:01:16.73 
7月 05, 2017 14:12:36.04 [NPAPI 6956] WARNING: pipe error: 109: file c:/builds/moz2_slave/m-rel-w64-00000000000000000000/build/src/ipc/chromium/src/chrome/common/ipc_channel_win.cc, line 346
7月 05, 2017 14:12:36.37 can't open file for write !
7月 05, 2017 14:12:36.37 
7月 05, 2017 14:15:36.91 can't open file for write !
7月 05, 2017 14:15:36.91 
7月 05, 2017 14:42:06.76 can't open file for write !
7月 05, 2017 14:42:06.76 

7月 05, 2017 18:26:12.74 NEW SESSION
7月 05, 2017 18:26:12.75 *************************
7月 05, 2017 18:26:12.82 A coding exception was thrown and uncaught in a Task.
7月 05, 2017 18:26:12.83 
7月 05, 2017 18:26:12.83 Full message: TypeError: NetworkError when attempting to fetch resource.
7月 05, 2017 18:26:12.83 Full stack: loadFile@resource://gre/modules/services-common/blocklist-clients.js:119:30
7月 05, 2017 18:26:12.83 TaskImpl_run@resource://gre/modules/Task.jsm:319:42
7月 05, 2017 18:26:12.83 TaskImpl@resource://gre/modules/Task.jsm:277:3
7月 05, 2017 18:26:12.83 asyncFunction@resource://gre/modules/Task.jsm:252:14
7月 05, 2017 18:26:12.83 Task_spawn@resource://gre/modules/Task.jsm:166:12
7月 05, 2017 18:26:12.83 loadDumpFile@resource://gre/modules/services-common/blocklist-clients.js:118:12
7月 05, 2017 18:26:12.83 syncCollection@resource://gre/modules/services-common/blocklist-clients.js:212:39
7月 05, 2017 18:26:12.83 TaskImpl_run@resource://gre/modules/Task.jsm:319:42
7月 05, 2017 18:26:12.84 
7月 05, 2017 18:26:12.84 *************************

7月 05, 2017 22:38:34.97 NEW SESSION
7月 05, 2017 22:38:34.97 1499265514940	Sync.ErrorHandler	ERROR	Sync was interrupted due to the application shutting down
